Flow report for DWT_sym3_3_Level
Mon Apr 22 13:23:19 2024
Quartus II 64-Bit Version 13.1.0 Build 162 10/23/2013 SJ Web Edition


---------------------
; Table of Contents ;
---------------------
  1. Legal Notice
  2. Flow Summary
  3. Flow Settings
  4. Flow Non-Default Global Settings
  5. Flow Elapsed Time
  6. Flow OS Summary
  7. Flow Log
  8. Flow Messages
  9. Flow Suppressed Messages



----------------
; Legal Notice ;
----------------
Copyright (C) 1991-2013 Altera Corporation
Your use of Altera Corporation's design tools, logic functions 
and other software and tools, and its AMPP partner logic 
functions, and any output files from any of the foregoing 
(including device programming or simulation files), and any 
associated documentation or information are expressly subject 
to the terms and conditions of the Altera Program License 
Subscription Agreement, Altera MegaCore Function License 
Agreement, or other applicable license agreement, including, 
without limitation, that your use is for the sole purpose of 
programming logic devices manufactured by Altera and sold by 
Altera or its authorized distributors.  Please refer to the 
applicable agreement for further details.



+------------------------------------------------------------------------------+
; Flow Summary                                                                 ;
+---------------------------------+--------------------------------------------+
; Flow Status                     ; Successful - Mon Apr 22 13:23:19 2024      ;
; Quartus II 64-Bit Version       ; 13.1.0 Build 162 10/23/2013 SJ Web Edition ;
; Revision Name                   ; DWT_sym3_3_Level                           ;
; Top-level Entity Name           ; DWT_sym3_3_Level                           ;
; Family                          ; Cyclone V                                  ;
; Device                          ; 5CSXFC6D6F31C6                             ;
; Timing Models                   ; Preliminary                                ;
; Logic utilization (in ALMs)     ; 4,571 / 41,910 ( 11 % )                    ;
; Total registers                 ; 8933                                       ;
; Total pins                      ; 36 / 499 ( 7 % )                           ;
; Total virtual pins              ; 0                                          ;
; Total block memory bits         ; 0 / 5,662,720 ( 0 % )                      ;
; Total DSP Blocks                ; 89 / 112 ( 79 % )                          ;
; Total HSSI RX PCSs              ; 0 / 9 ( 0 % )                              ;
; Total HSSI PMA RX Deserializers ; 0 / 9 ( 0 % )                              ;
; Total HSSI TX PCSs              ; 0 / 9 ( 0 % )                              ;
; Total HSSI TX Channels          ; 0 / 9 ( 0 % )                              ;
; Total PLLs                      ; 0 / 15 ( 0 % )                             ;
; Total DLLs                      ; 0 / 4 ( 0 % )                              ;
+---------------------------------+--------------------------------------------+


+-----------------------------------------+
; Flow Settings                           ;
+-------------------+---------------------+
; Option            ; Setting             ;
+-------------------+---------------------+
; Start date & time ; 04/22/2024 13:21:21 ;
; Main task         ; Compilation         ;
; Revision Name     ; DWT_sym3_3_Level    ;
+-------------------+---------------------+


+----------------------------------------------------------------------------------------------------------------------------------+
; Flow Non-Default Global Settings                                                                                                 ;
+--------------------------------------+---------------------------------------+---------------+-------------+---------------------+
; Assignment Name                      ; Value                                 ; Default Value ; Entity Name ; Section Id          ;
+--------------------------------------+---------------------------------------+---------------+-------------+---------------------+
; COMPILER_SIGNATURE_ID                ; 22381015103638.171376328118168        ; --            ; --          ; --                  ;
; EDA_DESIGN_INSTANCE_NAME             ; NA                                    ; --            ; --          ; DWT_sym3_3_Level_tb ;
; EDA_NATIVELINK_SIMULATION_TEST_BENCH ; DWT_sym3_3_Level_tb                   ; --            ; --          ; eda_simulation      ;
; EDA_OUTPUT_DATA_FORMAT               ; Verilog Hdl                           ; --            ; --          ; eda_simulation      ;
; EDA_SIMULATION_TOOL                  ; ModelSim-Altera (Verilog)             ; <None>        ; --          ; --                  ;
; EDA_TEST_BENCH_ENABLE_STATUS         ; TEST_BENCH_MODE                       ; --            ; --          ; eda_simulation      ;
; EDA_TEST_BENCH_FILE                  ; DWT_sym3_3_Level_tb.v                 ; --            ; --          ; DWT_sym3_3_Level_tb ;
; EDA_TEST_BENCH_MODULE_NAME           ; DWT_sym3_3_Level_tb                   ; --            ; --          ; DWT_sym3_3_Level_tb ;
; EDA_TEST_BENCH_NAME                  ; DWT_sym3_3_Level_tb                   ; --            ; --          ; eda_simulation      ;
; EDA_TIME_SCALE                       ; 1 ps                                  ; --            ; --          ; eda_simulation      ;
; MAX_CORE_JUNCTION_TEMP               ; 85                                    ; --            ; --          ; --                  ;
; MIN_CORE_JUNCTION_TEMP               ; 0                                     ; --            ; --          ; --                  ;
; PARTITION_COLOR                      ; 16764057                              ; --            ; --          ; Top                 ;
; PARTITION_FITTER_PRESERVATION_LEVEL  ; PLACEMENT_AND_ROUTING                 ; --            ; --          ; Top                 ;
; PARTITION_NETLIST_TYPE               ; SOURCE                                ; --            ; --          ; Top                 ;
; POWER_BOARD_THERMAL_MODEL            ; None (CONSERVATIVE)                   ; --            ; --          ; --                  ;
; POWER_PRESET_COOLING_SOLUTION        ; 23 MM HEAT SINK WITH 200 LFPM AIRFLOW ; --            ; --          ; --                  ;
; PROJECT_OUTPUT_DIRECTORY             ; output_files                          ; --            ; --          ; --                  ;
+--------------------------------------+---------------------------------------+---------------+-------------+---------------------+


+-------------------------------------------------------------------------------------------------------------------------------+
; Flow Elapsed Time                                                                                                             ;
+---------------------------+--------------+-------------------------+---------------------+------------------------------------+
; Module Name               ; Elapsed Time ; Average Processors Used ; Peak Virtual Memory ; Total CPU Time (on all processors) ;
+---------------------------+--------------+-------------------------+---------------------+------------------------------------+
; Analysis & Synthesis      ; 00:00:11     ; 4.7                     ; 4856 MB             ; 00:00:25                           ;
; Fitter                    ; 00:01:11     ; 3.2                     ; 6728 MB             ; 00:01:43                           ;
; Assembler                 ; 00:00:12     ; 1.0                     ; 4852 MB             ; 00:00:12                           ;
; TimeQuest Timing Analyzer ; 00:00:13     ; 2.8                     ; 5275 MB             ; 00:00:26                           ;
; EDA Netlist Writer        ; 00:00:03     ; 1.0                     ; 4775 MB             ; 00:00:03                           ;
; Total                     ; 00:01:50     ; --                      ; --                  ; 00:02:49                           ;
+---------------------------+--------------+-------------------------+---------------------+------------------------------------+


+----------------------------------------------------------------------------------------+
; Flow OS Summary                                                                        ;
+---------------------------+------------------+-----------+------------+----------------+
; Module Name               ; Machine Hostname ; OS Name   ; OS Version ; Processor type ;
+---------------------------+------------------+-----------+------------+----------------+
; Analysis & Synthesis      ; Angela           ; Windows 7 ; 6.2        ; x86_64         ;
; Fitter                    ; Angela           ; Windows 7 ; 6.2        ; x86_64         ;
; Assembler                 ; Angela           ; Windows 7 ; 6.2        ; x86_64         ;
; TimeQuest Timing Analyzer ; Angela           ; Windows 7 ; 6.2        ; x86_64         ;
; EDA Netlist Writer        ; Angela           ; Windows 7 ; 6.2        ; x86_64         ;
+---------------------------+------------------+-----------+------------+----------------+


------------
; Flow Log ;
------------
quartus_map --read_settings_files=on --write_settings_files=off DWT_sym3_3_Level -c DWT_sym3_3_Level
quartus_fit --read_settings_files=off --write_settings_files=off DWT_sym3_3_Level -c DWT_sym3_3_Level
quartus_asm --read_settings_files=off --write_settings_files=off DWT_sym3_3_Level -c DWT_sym3_3_Level
quartus_sta DWT_sym3_3_Level -c DWT_sym3_3_Level
quartus_eda --read_settings_files=off --write_settings_files=off DWT_sym3_3_Level -c DWT_sym3_3_Level



