Flow report for DWT_db4_2_Level
Thu Apr 18 14:29:05 2024
Quartus II 64-Bit Version 13.1.0 Build 162 10/23/2013 SJ Web Edition


---------------------
; Table of Contents ;
---------------------
  1. Legal Notice
  2. Flow Summary
  3. Flow Settings
  4. Flow Non-Default Global Settings
  5. Flow Elapsed Time
  6. Flow OS Summary
  7. Flow Log
  8. Flow Messages
  9. Flow Suppressed Messages



----------------
; Legal Notice ;
----------------
Copyright (C) 1991-2013 Altera Corporation
Your use of Altera Corporation's design tools, logic functions 
and other software and tools, and its AMPP partner logic 
functions, and any output files from any of the foregoing 
(including device programming or simulation files), and any 
associated documentation or information are expressly subject 
to the terms and conditions of the Altera Program License 
Subscription Agreement, Altera MegaCore Function License 
Agreement, or other applicable license agreement, including, 
without limitation, that your use is for the sole purpose of 
programming logic devices manufactured by Altera and sold by 
Altera or its authorized distributors.  Please refer to the 
applicable agreement for further details.



+------------------------------------------------------------------------------+
; Flow Summary                                                                 ;
+---------------------------------+--------------------------------------------+
; Flow Status                     ; Successful - Thu Apr 18 14:29:05 2024      ;
; Quartus II 64-Bit Version       ; 13.1.0 Build 162 10/23/2013 SJ Web Edition ;
; Revision Name                   ; DWT_db4_2_Level                            ;
; Top-level Entity Name           ; DWT_db4_2_Level                            ;
; Family                          ; Cyclone V                                  ;
; Device                          ; 5CSXFC6D6F31C6                             ;
; Timing Models                   ; Preliminary                                ;
; Logic utilization (in ALMs)     ; 2,369 / 41,910 ( 6 % )                     ;
; Total registers                 ; 4477                                       ;
; Total pins                      ; 36 / 499 ( 7 % )                           ;
; Total virtual pins              ; 0                                          ;
; Total block memory bits         ; 0 / 5,662,720 ( 0 % )                      ;
; Total DSP Blocks                ; 76 / 112 ( 68 % )                          ;
; Total HSSI RX PCSs              ; 0 / 9 ( 0 % )                              ;
; Total HSSI PMA RX Deserializers ; 0 / 9 ( 0 % )                              ;
; Total HSSI TX PCSs              ; 0 / 9 ( 0 % )                              ;
; Total HSSI TX Channels          ; 0 / 9 ( 0 % )                              ;
; Total PLLs                      ; 0 / 15 ( 0 % )                             ;
; Total DLLs                      ; 0 / 4 ( 0 % )                              ;
+---------------------------------+--------------------------------------------+


+-----------------------------------------+
; Flow Settings                           ;
+-------------------+---------------------+
; Option            ; Setting             ;
+-------------------+---------------------+
; Start date & time ; 04/18/2024 14:20:26 ;
; Main task         ; Compilation         ;
; Revision Name     ; DWT_db4_2_Level     ;
+-------------------+---------------------+


+--------------------------------------------------------------------------------------------------------------------+
; Flow Non-Default Global Settings                                                                                   ;
+-------------------------------------+-------------------------------+---------------+-------------+----------------+
; Assignment Name                     ; Value                         ; Default Value ; Entity Name ; Section Id     ;
+-------------------------------------+-------------------------------+---------------+-------------+----------------+
; COMPILER_SIGNATURE_ID               ; 9447197216022.171342122504712 ; --            ; --          ; --             ;
; EDA_OUTPUT_DATA_FORMAT              ; Verilog Hdl                   ; --            ; --          ; eda_simulation ;
; EDA_SIMULATION_TOOL                 ; ModelSim-Altera (Verilog)     ; <None>        ; --          ; --             ;
; MAX_CORE_JUNCTION_TEMP              ; 85                            ; --            ; --          ; --             ;
; MIN_CORE_JUNCTION_TEMP              ; 0                             ; --            ; --          ; --             ;
; PARTITION_COLOR                     ; 16764057                      ; --            ; --          ; Top            ;
; PARTITION_FITTER_PRESERVATION_LEVEL ; PLACEMENT_AND_ROUTING         ; --            ; --          ; Top            ;
; PARTITION_NETLIST_TYPE              ; SOURCE                        ; --            ; --          ; Top            ;
; PROJECT_OUTPUT_DIRECTORY            ; output_files                  ; --            ; --          ; --             ;
+-------------------------------------+-------------------------------+---------------+-------------+----------------+


+-------------------------------------------------------------------------------------------------------------------------------+
; Flow Elapsed Time                                                                                                             ;
+---------------------------+--------------+-------------------------+---------------------+------------------------------------+
; Module Name               ; Elapsed Time ; Average Processors Used ; Peak Virtual Memory ; Total CPU Time (on all processors) ;
+---------------------------+--------------+-------------------------+---------------------+------------------------------------+
; Analysis & Synthesis      ; 00:00:09     ; 1.0                     ; 4744 MB             ; 00:00:06                           ;
; Fitter                    ; 00:01:27     ; 1.0                     ; 5683 MB             ; 00:01:09                           ;
; Assembler                 ; 00:00:15     ; 1.0                     ; 4796 MB             ; 00:00:10                           ;
; TimeQuest Timing Analyzer ; 00:00:18     ; 1.0                     ; 5026 MB             ; 00:00:16                           ;
; EDA Netlist Writer        ; 00:00:02     ; 1.0                     ; 4711 MB             ; 00:00:02                           ;
; PowerPlay Power Analyzer  ; 00:00:18     ; 1.0                     ; 4994 MB             ; 00:00:12                           ;
; Total                     ; 00:02:29     ; --                      ; --                  ; 00:01:55                           ;
+---------------------------+--------------+-------------------------+---------------------+------------------------------------+


+----------------------------------------------------------------------------------------+
; Flow OS Summary                                                                        ;
+---------------------------+------------------+-----------+------------+----------------+
; Module Name               ; Machine Hostname ; OS Name   ; OS Version ; Processor type ;
+---------------------------+------------------+-----------+------------+----------------+
; Analysis & Synthesis      ; LAPTOP-TTN4H2R5  ; Windows 7 ; 6.2        ; x86_64         ;
; Fitter                    ; LAPTOP-TTN4H2R5  ; Windows 7 ; 6.2        ; x86_64         ;
; Assembler                 ; LAPTOP-TTN4H2R5  ; Windows 7 ; 6.2        ; x86_64         ;
; TimeQuest Timing Analyzer ; LAPTOP-TTN4H2R5  ; Windows 7 ; 6.2        ; x86_64         ;
; EDA Netlist Writer        ; LAPTOP-TTN4H2R5  ; Windows 7 ; 6.2        ; x86_64         ;
; PowerPlay Power Analyzer  ; LAPTOP-TTN4H2R5  ; Windows 7 ; 6.2        ; x86_64         ;
+---------------------------+------------------+-----------+------------+----------------+


------------
; Flow Log ;
------------
quartus_map --read_settings_files=on --write_settings_files=off DWT_db4_2_Level -c DWT_db4_2_Level
quartus_fit --read_settings_files=off --write_settings_files=off DWT_db4_2_Level -c DWT_db4_2_Level
quartus_asm --read_settings_files=off --write_settings_files=off DWT_db4_2_Level -c DWT_db4_2_Level
quartus_sta DWT_db4_2_Level -c DWT_db4_2_Level
quartus_eda --read_settings_files=off --write_settings_files=off DWT_db4_2_Level -c DWT_db4_2_Level
quartus_pow --read_settings_files=on --write_settings_files=off DWT_db4_2_Level -c DWT_db4_2_Level



