Flow report for final_heart_sym2_level5_hdl
Mon Apr 22 12:53:45 2024
Quartus II 64-Bit Version 13.1.0 Build 162 10/23/2013 SJ Web Edition


---------------------
; Table of Contents ;
---------------------
  1. Legal Notice
  2. Flow Summary
  3. Flow Settings
  4. Flow Non-Default Global Settings
  5. Flow Elapsed Time
  6. Flow OS Summary
  7. Flow Log
  8. Flow Messages
  9. Flow Suppressed Messages



----------------
; Legal Notice ;
----------------
Copyright (C) 1991-2013 Altera Corporation
Your use of Altera Corporation's design tools, logic functions 
and other software and tools, and its AMPP partner logic 
functions, and any output files from any of the foregoing 
(including device programming or simulation files), and any 
associated documentation or information are expressly subject 
to the terms and conditions of the Altera Program License 
Subscription Agreement, Altera MegaCore Function License 
Agreement, or other applicable license agreement, including, 
without limitation, that your use is for the sole purpose of 
programming logic devices manufactured by Altera and sold by 
Altera or its authorized distributors.  Please refer to the 
applicable agreement for further details.



+------------------------------------------------------------------------------+
; Flow Summary                                                                 ;
+---------------------------------+--------------------------------------------+
; Flow Status                     ; Successful - Mon Apr 22 12:53:45 2024      ;
; Quartus II 64-Bit Version       ; 13.1.0 Build 162 10/23/2013 SJ Web Edition ;
; Revision Name                   ; final_heart_sym2_level5_hdl                ;
; Top-level Entity Name           ; DWT_Sym2_Level5                            ;
; Family                          ; Cyclone V                                  ;
; Device                          ; 5CSXFC6D6F31C6                             ;
; Timing Models                   ; Preliminary                                ;
; Logic utilization (in ALMs)     ; 11,767 / 41,910 ( 28 % )                   ;
; Total registers                 ; 23479                                      ;
; Total pins                      ; 36 / 499 ( 7 % )                           ;
; Total virtual pins              ; 0                                          ;
; Total block memory bits         ; 0 / 5,662,720 ( 0 % )                      ;
; Total DSP Blocks                ; 107 / 112 ( 96 % )                         ;
; Total HSSI RX PCSs              ; 0 / 9 ( 0 % )                              ;
; Total HSSI PMA RX Deserializers ; 0 / 9 ( 0 % )                              ;
; Total HSSI TX PCSs              ; 0 / 9 ( 0 % )                              ;
; Total HSSI TX Channels          ; 0 / 9 ( 0 % )                              ;
; Total PLLs                      ; 0 / 15 ( 0 % )                             ;
; Total DLLs                      ; 0 / 4 ( 0 % )                              ;
+---------------------------------+--------------------------------------------+


+-------------------------------------------------+
; Flow Settings                                   ;
+-------------------+-----------------------------+
; Option            ; Setting                     ;
+-------------------+-----------------------------+
; Start date & time ; 04/22/2024 12:50:31         ;
; Main task         ; Compilation                 ;
; Revision Name     ; final_heart_sym2_level5_hdl ;
+-------------------+-----------------------------+


+---------------------------------------------------------------------------------------------------------------------------------------------------+
; Flow Non-Default Global Settings                                                                                                                  ;
+--------------------------------------+---------------------------------------+-----------------------------+-----------------+--------------------+
; Assignment Name                      ; Value                                 ; Default Value               ; Entity Name     ; Section Id         ;
+--------------------------------------+---------------------------------------+-----------------------------+-----------------+--------------------+
; COMPILER_SIGNATURE_ID                ; 22381015103638.171376143103964        ; --                          ; --              ; --                 ;
; EDA_DESIGN_INSTANCE_NAME             ; NA                                    ; --                          ; --              ; DWT_Sym2_Level5_tb ;
; EDA_NATIVELINK_SIMULATION_TEST_BENCH ; DWT_Sym2_Level5_tb                    ; --                          ; --              ; eda_simulation     ;
; EDA_OUTPUT_DATA_FORMAT               ; Verilog Hdl                           ; --                          ; --              ; eda_simulation     ;
; EDA_SIMULATION_TOOL                  ; ModelSim-Altera (Verilog)             ; <None>                      ; --              ; --                 ;
; EDA_TEST_BENCH_ENABLE_STATUS         ; TEST_BENCH_MODE                       ; --                          ; --              ; eda_simulation     ;
; EDA_TEST_BENCH_FILE                  ; DWT_Sym2_Level5_tb.v                  ; --                          ; --              ; DWT_Sym2_Level5_tb ;
; EDA_TEST_BENCH_MODULE_NAME           ; DWT_Sym2_Level5_tb                    ; --                          ; --              ; DWT_Sym2_Level5_tb ;
; EDA_TEST_BENCH_NAME                  ; DWT_Sym2_Level5_tb                    ; --                          ; --              ; eda_simulation     ;
; EDA_TIME_SCALE                       ; 1 ps                                  ; --                          ; --              ; eda_simulation     ;
; MAX_CORE_JUNCTION_TEMP               ; 85                                    ; --                          ; --              ; --                 ;
; MIN_CORE_JUNCTION_TEMP               ; 0                                     ; --                          ; --              ; --                 ;
; PARTITION_COLOR                      ; 16764057                              ; --                          ; DWT_Sym2_Level5 ; Top                ;
; PARTITION_FITTER_PRESERVATION_LEVEL  ; PLACEMENT_AND_ROUTING                 ; --                          ; DWT_Sym2_Level5 ; Top                ;
; PARTITION_NETLIST_TYPE               ; SOURCE                                ; --                          ; DWT_Sym2_Level5 ; Top                ;
; POWER_BOARD_THERMAL_MODEL            ; None (CONSERVATIVE)                   ; --                          ; --              ; --                 ;
; POWER_PRESET_COOLING_SOLUTION        ; 23 MM HEAT SINK WITH 200 LFPM AIRFLOW ; --                          ; --              ; --                 ;
; PROJECT_OUTPUT_DIRECTORY             ; output_files                          ; --                          ; --              ; --                 ;
; TOP_LEVEL_ENTITY                     ; DWT_Sym2_Level5                       ; final_heart_sym2_level5_hdl ; --              ; --                 ;
+--------------------------------------+---------------------------------------+-----------------------------+-----------------+--------------------+


+-------------------------------------------------------------------------------------------------------------------------------+
; Flow Elapsed Time                                                                                                             ;
+---------------------------+--------------+-------------------------+---------------------+------------------------------------+
; Module Name               ; Elapsed Time ; Average Processors Used ; Peak Virtual Memory ; Total CPU Time (on all processors) ;
+---------------------------+--------------+-------------------------+---------------------+------------------------------------+
; Analysis & Synthesis      ; 00:00:19     ; 2.7                     ; 5018 MB             ; 00:00:37                           ;
; Fitter                    ; 00:01:56     ; 3.3                     ; 6895 MB             ; 00:02:49                           ;
; Assembler                 ; 00:00:17     ; 1.0                     ; 4923 MB             ; 00:00:16                           ;
; TimeQuest Timing Analyzer ; 00:00:22     ; 4.6                     ; 5487 MB             ; 00:00:46                           ;
; EDA Netlist Writer        ; 00:00:05     ; 1.0                     ; 4919 MB             ; 00:00:05                           ;
; Total                     ; 00:02:59     ; --                      ; --                  ; 00:04:33                           ;
+---------------------------+--------------+-------------------------+---------------------+------------------------------------+


+----------------------------------------------------------------------------------------+
; Flow OS Summary                                                                        ;
+---------------------------+------------------+-----------+------------+----------------+
; Module Name               ; Machine Hostname ; OS Name   ; OS Version ; Processor type ;
+---------------------------+------------------+-----------+------------+----------------+
; Analysis & Synthesis      ; Angela           ; Windows 7 ; 6.2        ; x86_64         ;
; Fitter                    ; Angela           ; Windows 7 ; 6.2        ; x86_64         ;
; Assembler                 ; Angela           ; Windows 7 ; 6.2        ; x86_64         ;
; TimeQuest Timing Analyzer ; Angela           ; Windows 7 ; 6.2        ; x86_64         ;
; EDA Netlist Writer        ; Angela           ; Windows 7 ; 6.2        ; x86_64         ;
+---------------------------+------------------+-----------+------------+----------------+


------------
; Flow Log ;
------------
quartus_map --read_settings_files=on --write_settings_files=off final_heart_sym2_level5_hdl -c final_heart_sym2_level5_hdl
quartus_fit --read_settings_files=off --write_settings_files=off final_heart_sym2_level5_hdl -c final_heart_sym2_level5_hdl
quartus_asm --read_settings_files=off --write_settings_files=off final_heart_sym2_level5_hdl -c final_heart_sym2_level5_hdl
quartus_sta final_heart_sym2_level5_hdl -c final_heart_sym2_level5_hdl
quartus_eda --read_settings_files=off --write_settings_files=off final_heart_sym2_level5_hdl -c final_heart_sym2_level5_hdl



