Flow report for DWT_db2_3level
Wed Apr 24 09:50:10 2024
Quartus II 64-Bit Version 13.1.0 Build 162 10/23/2013 SJ Web Edition


---------------------
; Table of Contents ;
---------------------
  1. Legal Notice
  2. Flow Summary
  3. Flow Settings
  4. Flow Non-Default Global Settings
  5. Flow Elapsed Time
  6. Flow OS Summary
  7. Flow Log
  8. Flow Messages
  9. Flow Suppressed Messages



----------------
; Legal Notice ;
----------------
Copyright (C) 1991-2013 Altera Corporation
Your use of Altera Corporation's design tools, logic functions 
and other software and tools, and its AMPP partner logic 
functions, and any output files from any of the foregoing 
(including device programming or simulation files), and any 
associated documentation or information are expressly subject 
to the terms and conditions of the Altera Program License 
Subscription Agreement, Altera MegaCore Function License 
Agreement, or other applicable license agreement, including, 
without limitation, that your use is for the sole purpose of 
programming logic devices manufactured by Altera and sold by 
Altera or its authorized distributors.  Please refer to the 
applicable agreement for further details.



+------------------------------------------------------------------------------+
; Flow Summary                                                                 ;
+---------------------------------+--------------------------------------------+
; Flow Status                     ; Successful - Wed Apr 24 09:50:09 2024      ;
; Quartus II 64-Bit Version       ; 13.1.0 Build 162 10/23/2013 SJ Web Edition ;
; Revision Name                   ; DWT_db2_3level                             ;
; Top-level Entity Name           ; DWT_db2_3level                             ;
; Family                          ; Cyclone V                                  ;
; Device                          ; 5CSXFC6D6F31C6                             ;
; Timing Models                   ; Preliminary                                ;
; Logic utilization (in ALMs)     ; 4,159 / 41,910 ( 10 % )                    ;
; Total registers                 ; 8240                                       ;
; Total pins                      ; 36 / 499 ( 7 % )                           ;
; Total virtual pins              ; 0                                          ;
; Total block memory bits         ; 0 / 5,662,720 ( 0 % )                      ;
; Total DSP Blocks                ; 65 / 112 ( 58 % )                          ;
; Total HSSI RX PCSs              ; 0 / 9 ( 0 % )                              ;
; Total HSSI PMA RX Deserializers ; 0 / 9 ( 0 % )                              ;
; Total HSSI TX PCSs              ; 0 / 9 ( 0 % )                              ;
; Total HSSI TX Channels          ; 0 / 9 ( 0 % )                              ;
; Total PLLs                      ; 0 / 15 ( 0 % )                             ;
; Total DLLs                      ; 0 / 4 ( 0 % )                              ;
+---------------------------------+--------------------------------------------+


+-----------------------------------------+
; Flow Settings                           ;
+-------------------+---------------------+
; Option            ; Setting             ;
+-------------------+---------------------+
; Start date & time ; 04/24/2024 09:41:39 ;
; Main task         ; Compilation         ;
; Revision Name     ; DWT_db2_3level      ;
+-------------------+---------------------+


+-------------------------------------------------------------------------------------------------------------------------+
; Flow Non-Default Global Settings                                                                                        ;
+--------------------------------------+--------------------------------+---------------+-------------+-------------------+
; Assignment Name                      ; Value                          ; Default Value ; Entity Name ; Section Id        ;
+--------------------------------------+--------------------------------+---------------+-------------+-------------------+
; COMPILER_SIGNATURE_ID                ; 35523511672682.171392289902180 ; --            ; --          ; --                ;
; EDA_DESIGN_INSTANCE_NAME             ; NA                             ; --            ; --          ; DWT_db2_3level_tb ;
; EDA_NATIVELINK_SIMULATION_TEST_BENCH ; DWT_db2_3level_tb              ; --            ; --          ; eda_simulation    ;
; EDA_OUTPUT_DATA_FORMAT               ; Verilog Hdl                    ; --            ; --          ; eda_simulation    ;
; EDA_SIMULATION_TOOL                  ; ModelSim-Altera (Verilog)      ; <None>        ; --          ; --                ;
; EDA_TEST_BENCH_ENABLE_STATUS         ; TEST_BENCH_MODE                ; --            ; --          ; eda_simulation    ;
; EDA_TEST_BENCH_FILE                  ; DWT_db2_3level_tb.v            ; --            ; --          ; DWT_db2_3level_tb ;
; EDA_TEST_BENCH_MODULE_NAME           ; DWT_db2_3level_tb              ; --            ; --          ; DWT_db2_3level_tb ;
; EDA_TEST_BENCH_NAME                  ; DWT_db2_3level_tb              ; --            ; --          ; eda_simulation    ;
; EDA_TIME_SCALE                       ; 1 ps                           ; --            ; --          ; eda_simulation    ;
; MAX_CORE_JUNCTION_TEMP               ; 85                             ; --            ; --          ; --                ;
; MIN_CORE_JUNCTION_TEMP               ; 0                              ; --            ; --          ; --                ;
; PARTITION_COLOR                      ; 16764057                       ; --            ; --          ; Top               ;
; PARTITION_FITTER_PRESERVATION_LEVEL  ; PLACEMENT_AND_ROUTING          ; --            ; --          ; Top               ;
; PARTITION_NETLIST_TYPE               ; SOURCE                         ; --            ; --          ; Top               ;
; PROJECT_OUTPUT_DIRECTORY             ; output_files                   ; --            ; --          ; --                ;
+--------------------------------------+--------------------------------+---------------+-------------+-------------------+


+-------------------------------------------------------------------------------------------------------------------------------+
; Flow Elapsed Time                                                                                                             ;
+---------------------------+--------------+-------------------------+---------------------+------------------------------------+
; Module Name               ; Elapsed Time ; Average Processors Used ; Peak Virtual Memory ; Total CPU Time (on all processors) ;
+---------------------------+--------------+-------------------------+---------------------+------------------------------------+
; Analysis & Synthesis      ; 00:00:54     ; 1.3                     ; 4776 MB             ; 00:00:21                           ;
; Fitter                    ; 00:05:08     ; 1.4                     ; 5839 MB             ; 00:03:52                           ;
; Assembler                 ; 00:00:47     ; 1.0                     ; 4827 MB             ; 00:00:26                           ;
; TimeQuest Timing Analyzer ; 00:00:50     ; 1.4                     ; 5090 MB             ; 00:00:51                           ;
; EDA Netlist Writer        ; 00:00:08     ; 1.0                     ; 4765 MB             ; 00:00:06                           ;
; Total                     ; 00:07:47     ; --                      ; --                  ; 00:05:36                           ;
+---------------------------+--------------+-------------------------+---------------------+------------------------------------+


+----------------------------------------------------------------------------------------+
; Flow OS Summary                                                                        ;
+---------------------------+------------------+-----------+------------+----------------+
; Module Name               ; Machine Hostname ; OS Name   ; OS Version ; Processor type ;
+---------------------------+------------------+-----------+------------+----------------+
; Analysis & Synthesis      ; DESKTOP-GVQDTTT  ; Windows 7 ; 6.2        ; x86_64         ;
; Fitter                    ; DESKTOP-GVQDTTT  ; Windows 7 ; 6.2        ; x86_64         ;
; Assembler                 ; DESKTOP-GVQDTTT  ; Windows 7 ; 6.2        ; x86_64         ;
; TimeQuest Timing Analyzer ; DESKTOP-GVQDTTT  ; Windows 7 ; 6.2        ; x86_64         ;
; EDA Netlist Writer        ; DESKTOP-GVQDTTT  ; Windows 7 ; 6.2        ; x86_64         ;
+---------------------------+------------------+-----------+------------+----------------+


------------
; Flow Log ;
------------
quartus_map --read_settings_files=on --write_settings_files=off DWT_db2_3level -c DWT_db2_3level
quartus_fit --read_settings_files=off --write_settings_files=off DWT_db2_3level -c DWT_db2_3level
quartus_asm --read_settings_files=off --write_settings_files=off DWT_db2_3level -c DWT_db2_3level
quartus_sta DWT_db2_3level -c DWT_db2_3level
quartus_eda --read_settings_files=off --write_settings_files=off DWT_db2_3level -c DWT_db2_3level



